[2025-05-31 17:31:19,784] [INFO] [LB-1] Aguardando cliente em 0.0.0.0:4000...
[2025-05-31 17:31:35,508] [INFO] [LB-1] Conectado com ('172.19.0.18', 35188)
[2025-05-31 17:31:35,508] [INFO] [LB-1] Encaminhando para servidor service1_1:5000: 1;1;2025-05-31T17:31:35.508132;;2025-05-31T17:31:35.508859;0.727000;2025-05-31T17:31:35.508918
[2025-05-31 17:31:41,728] [INFO] [LB-1] Encaminhando para servidor service1_2:5001: 1;2;2025-05-31T17:31:41.728352;;2025-05-31T17:31:41.728619;0.267000;2025-05-31T17:31:41.728652
[2025-05-31 17:31:47,877] [INFO] [LB-1] Encaminhando para servidor service1_3:5002: 1;3;2025-05-31T17:31:47.876873;;2025-05-31T17:31:47.877144;0.271000;2025-05-31T17:31:47.877176
[2025-05-31 17:31:54,017] [INFO] [LB-1] Encaminhando para servidor service1_4:5003: 1;4;2025-05-31T17:31:54.017423;;2025-05-31T17:31:54.017663;0.240000;2025-05-31T17:31:54.017693
[2025-05-31 17:32:00,148] [INFO] [LB-1] Encaminhando para servidor service1_5:5004: 1;5;2025-05-31T17:32:00.148072;;2025-05-31T17:32:00.148316;0.244000;2025-05-31T17:32:00.148350
[2025-05-31 17:32:06,297] [INFO] [LB-1] Encaminhando para servidor service1_6:5005: 1;6;2025-05-31T17:32:06.297016;;2025-05-31T17:32:06.297337;0.321000;2025-05-31T17:32:06.297370
[2025-05-31 17:32:12,435] [INFO] [LB-1] Encaminhando para servidor service1_7:5006: 1;7;2025-05-31T17:32:12.435268;;2025-05-31T17:32:12.435526;0.258000;2025-05-31T17:32:12.435557
[2025-05-31 17:32:18,670] [INFO] [LB-1] Encaminhando para servidor service1_1:5000: 1;8;2025-05-31T17:32:18.669948;;2025-05-31T17:32:18.670140;0.192000;2025-05-31T17:32:18.670167
[2025-05-31 17:32:22,578] [INFO] [LB-1] Encaminhando para servidor service1_2:5001: 1;9;2025-05-31T17:32:22.577848;;2025-05-31T17:32:22.578109;0.261000;2025-05-31T17:32:22.578142
[2025-05-31 17:32:26,577] [INFO] [LB-1] Encaminhando para servidor service1_3:5002: 1;10;2025-05-31T17:32:26.576621;;2025-05-31T17:32:26.576877;0.256000;2025-05-31T17:32:26.576915
[2025-05-31 17:40:21,672] [INFO] [LB-1] Aguardando cliente em 0.0.0.0:4000...
[2025-05-31 17:40:37,023] [INFO] [LB-1] Conectado com ('172.19.0.16', 45820)
[2025-05-31 17:40:37,024] [INFO] [LB-1] Encaminhando para servidor service1_1:5000: 1;1;2025-05-31T17:40:37.023295;;2025-05-31T17:40:37.023980;0.685000;2025-05-31T17:40:37.024009
[2025-05-31 17:40:43,090] [INFO] [LB-1] Encaminhando para servidor service1_2:5001: 1;2;2025-05-31T17:40:43.089932;;2025-05-31T17:40:43.090203;0.271000;2025-05-31T17:40:43.090236
[2025-05-31 17:40:49,160] [INFO] [LB-1] Encaminhando para servidor service1_3:5002: 1;3;2025-05-31T17:40:49.160271;;2025-05-31T17:40:49.160548;0.277000;2025-05-31T17:40:49.160579
[2025-05-31 17:40:55,244] [INFO] [LB-1] Encaminhando para servidor service1_4:5003: 1;4;2025-05-31T17:40:55.244292;;2025-05-31T17:40:55.244551;0.259000;2025-05-31T17:40:55.244583
[2025-05-31 17:41:01,334] [INFO] [LB-1] Encaminhando para servidor service1_5:5004: 1;5;2025-05-31T17:41:01.333727;;2025-05-31T17:41:01.334064;0.337000;2025-05-31T17:41:01.334098
[2025-05-31 17:41:07,423] [INFO] [LB-1] Encaminhando para servidor service1_6:5005: 1;6;2025-05-31T17:41:07.422740;;2025-05-31T17:41:07.423007;0.267000;2025-05-31T17:41:07.423039
[2025-05-31 17:41:13,521] [INFO] [LB-1] Encaminhando para servidor service1_1:5000: 1;7;2025-05-31T17:41:13.521148;;2025-05-31T17:41:13.521411;0.263000;2025-05-31T17:41:13.521442
[2025-05-31 17:41:17,510] [INFO] [LB-1] Encaminhando para servidor service1_2:5001: 1;8;2025-05-31T17:41:17.510439;;2025-05-31T17:41:17.510702;0.263000;2025-05-31T17:41:17.510732
[2025-05-31 17:41:21,493] [INFO] [LB-1] Encaminhando para servidor service1_3:5002: 1;9;2025-05-31T17:41:21.492895;;2025-05-31T17:41:21.493155;0.260000;2025-05-31T17:41:21.493186
[2025-05-31 17:41:25,444] [INFO] [LB-1] Encaminhando para servidor service1_4:5003: 1;10;2025-05-31T17:41:25.444269;;2025-05-31T17:41:25.444529;0.260000;2025-05-31T17:41:25.444561
[2025-05-31 17:43:17,686] [INFO] [LB-1] Aguardando cliente em 0.0.0.0:4000...
[2025-05-31 17:43:32,711] [INFO] [LB-1] Conectado com ('172.19.0.14', 54510)
[2025-05-31 17:43:32,712] [INFO] [LB-1] Encaminhando para servidor service1_1:5000: 1;1;2025-05-31T17:43:32.711579;;2025-05-31T17:43:32.712266;0.687000;2025-05-31T17:43:32.712294
[2025-05-31 17:43:38,785] [INFO] [LB-1] Encaminhando para servidor service1_2:5001: 1;2;2025-05-31T17:43:38.785161;;2025-05-31T17:43:38.785430;0.269000;2025-05-31T17:43:38.785465
[2025-05-31 17:43:44,839] [INFO] [LB-1] Encaminhando para servidor service1_3:5002: 1;3;2025-05-31T17:43:44.838600;;2025-05-31T17:43:44.838900;0.300000;2025-05-31T17:43:44.838982
[2025-05-31 17:43:50,902] [INFO] [LB-1] Encaminhando para servidor service1_4:5003: 1;4;2025-05-31T17:43:50.902140;;2025-05-31T17:43:50.902400;0.260000;2025-05-31T17:43:50.902432
[2025-05-31 17:43:56,991] [INFO] [LB-1] Encaminhando para servidor service1_5:5004: 1;5;2025-05-31T17:43:56.990625;;2025-05-31T17:43:56.990890;0.265000;2025-05-31T17:43:56.990923
[2025-05-31 17:44:03,077] [INFO] [LB-1] Encaminhando para servidor service1_1:5000: 1;6;2025-05-31T17:44:03.076724;;2025-05-31T17:44:03.077029;0.305000;2025-05-31T17:44:03.077062
[2025-05-31 17:44:51,348] [INFO] [LB-1] Aguardando cliente em 0.0.0.0:4000...
[2025-05-31 17:45:06,985] [INFO] [LB-1] Conectado com ('172.19.0.14', 53364)
[2025-05-31 17:45:06,986] [INFO] [LB-1] Encaminhando para servidor service1_1:5000: 1;1;2025-05-31T17:45:06.985602;;2025-05-31T17:45:06.986349;0.747000;2025-05-31T17:45:06.986380
[2025-05-31 17:45:13,091] [INFO] [LB-1] Encaminhando para servidor service1_2:5001: 1;2;2025-05-31T17:45:13.091306;;2025-05-31T17:45:13.091577;0.271000;2025-05-31T17:45:13.091610
[2025-05-31 17:45:19,120] [INFO] [LB-1] Encaminhando para servidor service1_3:5002: 1;3;2025-05-31T17:45:19.120442;;2025-05-31T17:45:19.120666;0.224000;2025-05-31T17:45:19.120698
[2025-05-31 17:45:25,185] [INFO] [LB-1] Encaminhando para servidor service1_4:5003: 1;4;2025-05-31T17:45:25.185390;;2025-05-31T17:45:25.185652;0.262000;2025-05-31T17:45:25.185682
[2025-05-31 17:45:31,264] [INFO] [LB-1] Encaminhando para servidor service1_5:5004: 1;5;2025-05-31T17:45:31.263676;;2025-05-31T17:45:31.263984;0.308000;2025-05-31T17:45:31.264016
[2025-05-31 17:45:37,338] [INFO] [LB-1] Encaminhando para servidor service1_1:5000: 1;6;2025-05-31T17:45:37.338070;;2025-05-31T17:45:37.338352;0.282000;2025-05-31T17:45:37.338385
[2025-05-31 17:45:41,284] [INFO] [LB-1] Encaminhando para servidor service1_2:5001: 1;7;2025-05-31T17:45:41.284079;;2025-05-31T17:45:41.284332;0.253000;2025-05-31T17:45:41.284363
[2025-05-31 17:45:45,248] [INFO] [LB-1] Encaminhando para servidor service1_3:5002: 1;8;2025-05-31T17:45:45.247727;;2025-05-31T17:45:45.248021;0.294000;2025-05-31T17:45:45.248051
[2025-05-31 17:45:49,255] [INFO] [LB-1] Encaminhando para servidor service1_4:5003: 1;9;2025-05-31T17:45:49.255064;;2025-05-31T17:45:49.255270;0.206000;2025-05-31T17:45:49.255294
[2025-05-31 17:45:53,257] [INFO] [LB-1] Encaminhando para servidor service1_5:5004: 1;10;2025-05-31T17:45:53.257222;;2025-05-31T17:45:53.257507;0.285000;2025-05-31T17:45:53.257539
[2025-05-31 17:54:08,390] [INFO] [LB-1] Aguardando cliente em 0.0.0.0:4000...
[2025-05-31 17:54:24,095] [INFO] [LB-1] Conectado com ('172.19.0.14', 45452)
[2025-05-31 17:54:24,095] [INFO] [LB-1] Encaminhando para servidor service1_1:5000: 1;1;2025-05-31T17:54:24.095284;;2025-05-31T17:54:24.095843;0.559000;2025-05-31T17:54:24.095899
[2025-05-31 17:54:30,194] [INFO] [LB-1] Encaminhando para servidor service1_2:5001: 1;2;2025-05-31T17:54:30.193651;;2025-05-31T17:54:30.193951;0.300000;2025-05-31T17:54:30.193984
[2025-05-31 17:54:36,275] [INFO] [LB-1] Encaminhando para servidor service1_3:5002: 1;3;2025-05-31T17:54:36.275034;;2025-05-31T17:54:36.275286;0.252000;2025-05-31T17:54:36.275316
[2025-05-31 17:54:42,358] [INFO] [LB-1] Encaminhando para servidor service1_4:5003: 1;4;2025-05-31T17:54:42.357753;;2025-05-31T17:54:42.357978;0.225000;2025-05-31T17:54:42.358010
[2025-05-31 17:54:48,479] [INFO] [LB-1] Encaminhando para servidor service1_5:5004: 1;5;2025-05-31T17:54:48.479467;;2025-05-31T17:54:48.479724;0.257000;2025-05-31T17:54:48.479755
[2025-05-31 17:54:54,600] [INFO] [LB-1] Encaminhando para servidor service1_1:5000: 1;6;2025-05-31T17:54:54.599874;;2025-05-31T17:54:54.600135;0.261000;2025-05-31T17:54:54.600167
[2025-05-31 17:54:58,594] [INFO] [LB-1] Encaminhando para servidor service1_2:5001: 1;7;2025-05-31T17:54:58.594467;;2025-05-31T17:54:58.594733;0.266000;2025-05-31T17:54:58.594766
[2025-05-31 17:55:02,583] [INFO] [LB-1] Encaminhando para servidor service1_3:5002: 1;8;2025-05-31T17:55:02.582841;;2025-05-31T17:55:02.583102;0.261000;2025-05-31T17:55:02.583132
[2025-05-31 17:55:06,566] [INFO] [LB-1] Encaminhando para servidor service1_4:5003: 1;9;2025-05-31T17:55:06.566286;;2025-05-31T17:55:06.566555;0.269000;2025-05-31T17:55:06.566585
[2025-05-31 17:55:10,550] [INFO] [LB-1] Encaminhando para servidor service1_5:5004: 1;10;2025-05-31T17:55:10.550010;;2025-05-31T17:55:10.550281;0.271000;2025-05-31T17:55:10.550317
[2025-05-31 17:55:14,511] [INFO] [LB-1] Encaminhando para servidor service1_1:5000: 1;11;2025-05-31T17:55:14.510614;;2025-05-31T17:55:14.510868;0.254000;2025-05-31T17:55:14.510904
[2025-05-31 17:55:18,465] [INFO] [LB-1] Encaminhando para servidor service1_2:5001: 1;12;2025-05-31T17:55:18.465262;;2025-05-31T17:55:18.465481;0.219000;2025-05-31T17:55:18.465506
[2025-05-31 17:55:22,448] [INFO] [LB-1] Encaminhando para servidor service1_3:5002: 1;13;2025-05-31T17:55:22.448162;;2025-05-31T17:55:22.448412;0.250000;2025-05-31T17:55:22.448452
[2025-05-31 17:55:26,401] [INFO] [LB-1] Encaminhando para servidor service1_4:5003: 1;14;2025-05-31T17:55:26.400921;;2025-05-31T17:55:26.401154;0.233000;2025-05-31T17:55:26.401186
[2025-05-31 17:55:30,380] [INFO] [LB-1] Encaminhando para servidor service1_5:5004: 1;15;2025-05-31T17:55:30.380325;;2025-05-31T17:55:30.380588;0.263000;2025-05-31T17:55:30.380618
[2025-05-31 18:05:52,119] [INFO] [LB-1] Aguardando cliente em 0.0.0.0:4000...
[2025-05-31 18:06:07,765] [INFO] [LB-1] Conectado com ('172.19.0.14', 60860)
[2025-05-31 18:06:07,766] [INFO] [LB-1] Encaminhando para servidor service1_1:5000: 1;1;2025-05-31T18:06:07.765833;;2025-05-31T18:06:07.766500;0.667000;2025-05-31T18:06:07.766531
[2025-05-31 18:06:13,848] [INFO] [LB-1] Encaminhando para servidor service1_2:5001: 1;2;2025-05-31T18:06:13.848262;;2025-05-31T18:06:13.848532;0.270000;2025-05-31T18:06:13.848564
[2025-05-31 18:06:19,906] [INFO] [LB-1] Encaminhando para servidor service1_3:5002: 1;3;2025-05-31T18:06:19.906113;;2025-05-31T18:06:19.906376;0.263000;2025-05-31T18:06:19.906406
[2025-05-31 18:06:26,024] [INFO] [LB-1] Encaminhando para servidor service1_4:5003: 1;4;2025-05-31T18:06:26.024226;;2025-05-31T18:06:26.024487;0.261000;2025-05-31T18:06:26.024518
[2025-05-31 18:06:32,121] [INFO] [LB-1] Encaminhando para servidor service1_5:5004: 1;5;2025-05-31T18:06:32.121542;;2025-05-31T18:06:32.121811;0.269000;2025-05-31T18:06:32.121844
[2025-05-31 18:06:38,229] [INFO] [LB-1] Encaminhando para servidor service1_1:5000: 1;6;2025-05-31T18:06:38.229084;;2025-05-31T18:06:38.229363;0.279000;2025-05-31T18:06:38.229396
[2025-05-31 18:06:42,205] [INFO] [LB-1] Encaminhando para servidor service1_2:5001: 1;7;2025-05-31T18:06:42.204859;;2025-05-31T18:06:42.205125;0.266000;2025-05-31T18:06:42.205157
[2025-05-31 18:06:46,171] [INFO] [LB-1] Encaminhando para servidor service1_3:5002: 1;8;2025-05-31T18:06:46.171484;;2025-05-31T18:06:46.171750;0.266000;2025-05-31T18:06:46.171782
[2025-05-31 18:06:50,145] [INFO] [LB-1] Encaminhando para servidor service1_4:5003: 1;9;2025-05-31T18:06:50.144921;;2025-05-31T18:06:50.145207;0.286000;2025-05-31T18:06:50.145239
[2025-05-31 18:06:54,104] [INFO] [LB-1] Encaminhando para servidor service1_5:5004: 1;10;2025-05-31T18:06:54.104064;;2025-05-31T18:06:54.104374;0.310000;2025-05-31T18:06:54.104407
[2025-05-31 18:06:58,072] [INFO] [LB-1] Encaminhando para servidor service1_1:5000: 1;11;2025-05-31T18:06:58.072092;;2025-05-31T18:06:58.072355;0.263000;2025-05-31T18:06:58.072386
[2025-05-31 18:07:02,037] [INFO] [LB-1] Encaminhando para servidor service1_2:5001: 1;12;2025-05-31T18:07:02.037360;;2025-05-31T18:07:02.037829;0.469000;2025-05-31T18:07:02.037860
[2025-05-31 18:07:06,000] [INFO] [LB-1] Encaminhando para servidor service1_3:5002: 1;13;2025-05-31T18:07:06.000262;;2025-05-31T18:07:06.000538;0.276000;2025-05-31T18:07:06.000593
[2025-05-31 18:07:09,976] [INFO] [LB-1] Encaminhando para servidor service1_4:5003: 1;14;2025-05-31T18:07:09.975650;;2025-05-31T18:07:09.975949;0.299000;2025-05-31T18:07:09.975981
[2025-05-31 18:07:13,919] [INFO] [LB-1] Encaminhando para servidor service1_5:5004: 1;15;2025-05-31T18:07:13.919596;;2025-05-31T18:07:13.919865;0.269000;2025-05-31T18:07:13.919898
[2025-05-31 18:07:17,865] [INFO] [LB-1] Encaminhando para servidor service1_1:5000: 1;16;2025-05-31T18:07:17.865082;;2025-05-31T18:07:17.865342;0.260000;2025-05-31T18:07:17.865373
[2025-05-31 18:07:21,814] [INFO] [LB-1] Encaminhando para servidor service1_2:5001: 1;17;2025-05-31T18:07:21.813647;;2025-05-31T18:07:21.813952;0.305000;2025-05-31T18:07:21.813981
[2025-05-31 18:07:25,764] [INFO] [LB-1] Encaminhando para servidor service1_3:5002: 1;18;2025-05-31T18:07:25.763634;;2025-05-31T18:07:25.763955;0.321000;2025-05-31T18:07:25.763984
[2025-05-31 18:07:29,702] [INFO] [LB-1] Encaminhando para servidor service1_4:5003: 1;19;2025-05-31T18:07:29.701745;;2025-05-31T18:07:29.701942;0.197000;2025-05-31T18:07:29.701967
[2025-05-31 18:07:33,658] [INFO] [LB-1] Encaminhando para servidor service1_5:5004: 1;20;2025-05-31T18:07:33.658287;;2025-05-31T18:07:33.658551;0.264000;2025-05-31T18:07:33.658582
[2025-05-31 18:08:58,111] [INFO] [LB-1] Aguardando cliente em 0.0.0.0:4000...
[2025-05-31 18:09:13,783] [INFO] [LB-1] Conectado com ('172.19.0.14', 47542)
[2025-05-31 18:09:13,784] [INFO] [LB-1] Encaminhando para servidor service1_1:5000: 1;1;2025-05-31T18:09:13.783253;;2025-05-31T18:09:13.783957;0.704000;2025-05-31T18:09:13.783988
[2025-05-31 18:09:20,030] [INFO] [LB-1] Encaminhando para servidor service1_2:5001: 1;2;2025-05-31T18:09:20.030116;;2025-05-31T18:09:20.030271;0.155000;2025-05-31T18:09:20.030298
[2025-05-31 18:09:26,397] [INFO] [LB-1] Encaminhando para servidor service1_3:5002: 1;3;2025-05-31T18:09:26.397271;;2025-05-31T18:09:26.397573;0.302000;2025-05-31T18:09:26.397628
[2025-05-31 18:09:32,886] [INFO] [LB-1] Encaminhando para servidor service1_4:5003: 1;4;2025-05-31T18:09:32.886434;;2025-05-31T18:09:32.886632;0.198000;2025-05-31T18:09:32.886658
[2025-05-31 18:09:39,481] [INFO] [LB-1] Encaminhando para servidor service1_5:5004: 1;5;2025-05-31T18:09:39.481567;;2025-05-31T18:09:39.481745;0.178000;2025-05-31T18:09:39.481766
[2025-05-31 18:09:45,692] [INFO] [LB-1] Encaminhando para servidor service1_1:5000: 1;6;2025-05-31T18:09:45.692347;;2025-05-31T18:09:45.692566;0.219000;2025-05-31T18:09:45.692603
[2025-05-31 18:09:49,658] [INFO] [LB-1] Encaminhando para servidor service1_2:5001: 1;7;2025-05-31T18:09:49.657648;;2025-05-31T18:09:49.657910;0.262000;2025-05-31T18:09:49.657942
[2025-05-31 18:09:53,782] [INFO] [LB-1] Encaminhando para servidor service1_3:5002: 1;8;2025-05-31T18:09:53.782404;;2025-05-31T18:09:53.782715;0.311000;2025-05-31T18:09:53.782748
[2025-05-31 18:09:57,815] [INFO] [LB-1] Encaminhando para servidor service1_4:5003: 1;9;2025-05-31T18:09:57.814927;;2025-05-31T18:09:57.815178;0.251000;2025-05-31T18:09:57.815209
[2025-05-31 18:10:01,920] [INFO] [LB-1] Encaminhando para servidor service1_5:5004: 1;10;2025-05-31T18:10:01.919787;;2025-05-31T18:10:01.920083;0.296000;2025-05-31T18:10:01.920116
[2025-05-31 18:10:05,931] [INFO] [LB-1] Encaminhando para servidor service1_1:5000: 1;11;2025-05-31T18:10:05.930589;;2025-05-31T18:10:05.930890;0.301000;2025-05-31T18:10:05.930921
[2025-05-31 18:10:09,877] [INFO] [LB-1] Encaminhando para servidor service1_2:5001: 1;12;2025-05-31T18:10:09.876952;;2025-05-31T18:10:09.877228;0.276000;2025-05-31T18:10:09.877261
[2025-05-31 18:10:13,844] [INFO] [LB-1] Encaminhando para servidor service1_3:5002: 1;13;2025-05-31T18:10:13.844133;;2025-05-31T18:10:13.844411;0.278000;2025-05-31T18:10:13.844443
[2025-05-31 18:10:17,865] [INFO] [LB-1] Encaminhando para servidor service1_4:5003: 1;14;2025-05-31T18:10:17.864666;;2025-05-31T18:10:17.864901;0.235000;2025-05-31T18:10:17.864928
[2025-05-31 18:10:21,863] [INFO] [LB-1] Encaminhando para servidor service1_5:5004: 1;15;2025-05-31T18:10:21.863405;;2025-05-31T18:10:21.863663;0.258000;2025-05-31T18:10:21.863836
[2025-05-31 18:10:25,921] [INFO] [LB-1] Encaminhando para servidor service1_1:5000: 1;16;2025-05-31T18:10:25.921272;;2025-05-31T18:10:25.921422;0.150000;2025-05-31T18:10:25.921444
[2025-05-31 18:10:29,906] [INFO] [LB-1] Encaminhando para servidor service1_2:5001: 1;17;2025-05-31T18:10:29.906100;;2025-05-31T18:10:29.906306;0.206000;2025-05-31T18:10:29.906338
[2025-05-31 18:10:33,918] [INFO] [LB-1] Encaminhando para servidor service1_3:5002: 1;18;2025-05-31T18:10:33.918461;;2025-05-31T18:10:33.918751;0.290000;2025-05-31T18:10:33.918783
[2025-05-31 18:10:37,892] [INFO] [LB-1] Encaminhando para servidor service1_4:5003: 1;19;2025-05-31T18:10:37.892586;;2025-05-31T18:10:37.892789;0.203000;2025-05-31T18:10:37.892816
[2025-05-31 18:10:41,872] [INFO] [LB-1] Encaminhando para servidor service1_5:5004: 1;20;2025-05-31T18:10:41.871972;;2025-05-31T18:10:41.872271;0.299000;2025-05-31T18:10:41.872309
[2025-05-31 18:10:45,881] [INFO] [LB-1] Encaminhando para servidor service1_1:5000: 1;21;2025-05-31T18:10:45.881612;;2025-05-31T18:10:45.881840;0.228000;2025-05-31T18:10:45.881869
[2025-05-31 18:10:49,936] [INFO] [LB-1] Encaminhando para servidor service1_2:5001: 1;22;2025-05-31T18:10:49.935810;;2025-05-31T18:10:49.936024;0.214000;2025-05-31T18:10:49.936049
[2025-05-31 18:10:53,977] [INFO] [LB-1] Encaminhando para servidor service1_3:5002: 1;23;2025-05-31T18:10:53.977536;;2025-05-31T18:10:53.977805;0.269000;2025-05-31T18:10:53.977842
[2025-05-31 18:10:57,921] [INFO] [LB-1] Encaminhando para servidor service1_4:5003: 1;24;2025-05-31T18:10:57.920727;;2025-05-31T18:10:57.920987;0.260000;2025-05-31T18:10:57.921017
[2025-05-31 18:11:01,952] [INFO] [LB-1] Encaminhando para servidor service1_5:5004: 1;25;2025-05-31T18:11:01.952336;;2025-05-31T18:11:01.952600;0.264000;2025-05-31T18:11:01.952631
[2025-05-31 18:11:51,287] [INFO] [LB-1] Aguardando cliente em 0.0.0.0:4000...
[2025-05-31 18:12:06,964] [INFO] [LB-1] Conectado com ('172.19.0.16', 40644)
[2025-05-31 18:12:06,965] [INFO] [LB-1] Encaminhando para servidor service1_1:5000: 1;1;2025-05-31T18:12:06.964711;;2025-05-31T18:12:06.965492;0.781000;2025-05-31T18:12:06.965524
[2025-05-31 18:12:13,067] [INFO] [LB-1] Encaminhando para servidor service1_2:5001: 1;2;2025-05-31T18:12:13.067328;;2025-05-31T18:12:13.067580;0.252000;2025-05-31T18:12:13.067613
[2025-05-31 18:12:19,209] [INFO] [LB-1] Encaminhando para servidor service1_3:5002: 1;3;2025-05-31T18:12:19.209379;;2025-05-31T18:12:19.209624;0.245000;2025-05-31T18:12:19.209650
[2025-05-31 18:12:25,286] [INFO] [LB-1] Encaminhando para servidor service1_4:5003: 1;4;2025-05-31T18:12:25.286155;;2025-05-31T18:12:25.286413;0.258000;2025-05-31T18:12:25.286444
[2025-05-31 18:12:31,395] [INFO] [LB-1] Encaminhando para servidor service1_5:5004: 1;5;2025-05-31T18:12:31.395361;;2025-05-31T18:12:31.395624;0.263000;2025-05-31T18:12:31.395655
[2025-05-31 18:12:37,483] [INFO] [LB-1] Encaminhando para servidor service1_6:5005: 1;6;2025-05-31T18:12:37.482768;;2025-05-31T18:12:37.483023;0.255000;2025-05-31T18:12:37.483054
[2025-05-31 18:12:43,596] [INFO] [LB-1] Encaminhando para servidor service1_1:5000: 1;7;2025-05-31T18:12:43.595946;;2025-05-31T18:12:43.596237;0.291000;2025-05-31T18:12:43.596268
[2025-05-31 18:12:47,562] [INFO] [LB-1] Encaminhando para servidor service1_2:5001: 1;8;2025-05-31T18:12:47.562063;;2025-05-31T18:12:47.562320;0.257000;2025-05-31T18:12:47.562350
[2025-05-31 18:12:51,514] [INFO] [LB-1] Encaminhando para servidor service1_3:5002: 1;9;2025-05-31T18:12:51.513947;;2025-05-31T18:12:51.514207;0.260000;2025-05-31T18:12:51.514238
[2025-05-31 18:12:55,480] [INFO] [LB-1] Encaminhando para servidor service1_4:5003: 1;10;2025-05-31T18:12:55.480363;;2025-05-31T18:12:55.480616;0.253000;2025-05-31T18:12:55.480646
[2025-05-31 18:12:59,430] [INFO] [LB-1] Encaminhando para servidor service1_5:5004: 1;11;2025-05-31T18:12:59.430023;;2025-05-31T18:12:59.430235;0.212000;2025-05-31T18:12:59.430267
[2025-05-31 18:13:03,390] [INFO] [LB-1] Encaminhando para servidor service1_6:5005: 1;12;2025-05-31T18:13:03.390152;;2025-05-31T18:13:03.390412;0.260000;2025-05-31T18:13:03.390443
[2025-05-31 18:13:07,365] [INFO] [LB-1] Encaminhando para servidor service1_1:5000: 1;13;2025-05-31T18:13:07.364814;;2025-05-31T18:13:07.365139;0.325000;2025-05-31T18:13:07.365184
[2025-05-31 18:13:11,304] [INFO] [LB-1] Encaminhando para servidor service1_2:5001: 1;14;2025-05-31T18:13:11.304179;;2025-05-31T18:13:11.304467;0.288000;2025-05-31T18:13:11.304498
[2025-05-31 18:13:15,245] [INFO] [LB-1] Encaminhando para servidor service1_3:5002: 1;15;2025-05-31T18:13:15.245079;;2025-05-31T18:13:15.245340;0.261000;2025-05-31T18:13:15.245370
[2025-05-31 18:13:19,207] [INFO] [LB-1] Encaminhando para servidor service1_4:5003: 1;16;2025-05-31T18:13:19.207550;;2025-05-31T18:13:19.207838;0.288000;2025-05-31T18:13:19.207868
[2025-05-31 18:13:23,185] [INFO] [LB-1] Encaminhando para servidor service1_5:5004: 1;17;2025-05-31T18:13:23.185426;;2025-05-31T18:13:23.185760;0.334000;2025-05-31T18:13:23.185798
[2025-05-31 18:13:27,171] [INFO] [LB-1] Encaminhando para servidor service1_6:5005: 1;18;2025-05-31T18:13:27.171198;;2025-05-31T18:13:27.171457;0.259000;2025-05-31T18:13:27.171488
[2025-05-31 18:13:31,130] [INFO] [LB-1] Encaminhando para servidor service1_1:5000: 1;19;2025-05-31T18:13:31.129913;;2025-05-31T18:13:31.130123;0.210000;2025-05-31T18:13:31.130147
[2025-05-31 18:13:35,062] [INFO] [LB-1] Encaminhando para servidor service1_2:5001: 1;20;2025-05-31T18:13:35.061601;;2025-05-31T18:13:35.061897;0.296000;2025-05-31T18:13:35.061927
[2025-05-31 18:14:10,271] [INFO] [LB-1] Aguardando cliente em 0.0.0.0:4000...
[2025-05-31 18:14:26,378] [INFO] [LB-1] Conectado com ('172.19.0.16', 33154)
[2025-05-31 18:14:26,379] [INFO] [LB-1] Encaminhando para servidor service1_1:5000: 1;1;2025-05-31T18:14:26.378843;;2025-05-31T18:14:26.379504;0.661000;2025-05-31T18:14:26.379534
[2025-05-31 18:14:32,488] [INFO] [LB-1] Encaminhando para servidor service1_2:5001: 1;2;2025-05-31T18:14:32.487896;;2025-05-31T18:14:32.488371;0.475000;2025-05-31T18:14:32.488404
[2025-05-31 18:14:38,562] [INFO] [LB-1] Encaminhando para servidor service1_3:5002: 1;3;2025-05-31T18:14:38.562536;;2025-05-31T18:14:38.562727;0.191000;2025-05-31T18:14:38.562752
[2025-05-31 18:14:45,042] [INFO] [LB-1] Encaminhando para servidor service1_4:5003: 1;4;2025-05-31T18:14:45.042564;;2025-05-31T18:14:45.042843;0.279000;2025-05-31T18:14:45.042884
[2025-05-31 18:14:51,229] [INFO] [LB-1] Encaminhando para servidor service1_5:5004: 1;5;2025-05-31T18:14:51.229463;;2025-05-31T18:14:51.229789;0.326000;2025-05-31T18:14:51.229829
[2025-05-31 18:14:57,911] [INFO] [LB-1] Encaminhando para servidor service1_6:5005: 1;6;2025-05-31T18:14:57.910955;;2025-05-31T18:14:57.911217;0.262000;2025-05-31T18:14:57.911249
[2025-05-31 18:15:04,202] [INFO] [LB-1] Encaminhando para servidor service1_1:5000: 1;7;2025-05-31T18:15:04.201930;;2025-05-31T18:15:04.202192;0.262000;2025-05-31T18:15:04.202224
[2025-05-31 18:15:08,133] [INFO] [LB-1] Encaminhando para servidor service1_2:5001: 1;8;2025-05-31T18:15:08.133217;;2025-05-31T18:15:08.133469;0.252000;2025-05-31T18:15:08.133500
[2025-05-31 18:15:12,088] [INFO] [LB-1] Encaminhando para servidor service1_3:5002: 1;9;2025-05-31T18:15:12.088446;;2025-05-31T18:15:12.088741;0.295000;2025-05-31T18:15:12.088771
[2025-05-31 18:15:16,035] [INFO] [LB-1] Encaminhando para servidor service1_4:5003: 1;10;2025-05-31T18:15:16.034997;;2025-05-31T18:15:16.035261;0.264000;2025-05-31T18:15:16.035292
[2025-05-31 18:15:19,990] [INFO] [LB-1] Encaminhando para servidor service1_5:5004: 1;11;2025-05-31T18:15:19.989960;;2025-05-31T18:15:19.990226;0.266000;2025-05-31T18:15:19.990259
[2025-05-31 18:15:23,952] [INFO] [LB-1] Encaminhando para servidor service1_6:5005: 1;12;2025-05-31T18:15:23.951811;;2025-05-31T18:15:23.952072;0.261000;2025-05-31T18:15:23.952104
[2025-05-31 18:15:27,910] [INFO] [LB-1] Encaminhando para servidor service1_1:5000: 1;13;2025-05-31T18:15:27.910073;;2025-05-31T18:15:27.910256;0.183000;2025-05-31T18:15:27.910281
[2025-05-31 18:15:31,877] [INFO] [LB-1] Encaminhando para servidor service1_2:5001: 1;14;2025-05-31T18:15:31.876852;;2025-05-31T18:15:31.877105;0.253000;2025-05-31T18:15:31.877136
[2025-05-31 18:15:35,888] [INFO] [LB-1] Encaminhando para servidor service1_3:5002: 1;15;2025-05-31T18:15:35.888417;;2025-05-31T18:15:35.888720;0.303000;2025-05-31T18:15:35.888829
[2025-05-31 18:15:39,897] [INFO] [LB-1] Encaminhando para servidor service1_4:5003: 1;16;2025-05-31T18:15:39.897064;;2025-05-31T18:15:39.897323;0.259000;2025-05-31T18:15:39.897353
[2025-05-31 18:15:43,924] [INFO] [LB-1] Encaminhando para servidor service1_5:5004: 1;17;2025-05-31T18:15:43.924224;;2025-05-31T18:15:43.924492;0.268000;2025-05-31T18:15:43.924530
[2025-05-31 18:15:47,935] [INFO] [LB-1] Encaminhando para servidor service1_6:5005: 1;18;2025-05-31T18:15:47.935072;;2025-05-31T18:15:47.935336;0.264000;2025-05-31T18:15:47.935368
[2025-05-31 18:15:51,952] [INFO] [LB-1] Encaminhando para servidor service1_1:5000: 1;19;2025-05-31T18:15:51.951787;;2025-05-31T18:15:51.952051;0.264000;2025-05-31T18:15:51.952083
[2025-05-31 18:15:55,935] [INFO] [LB-1] Encaminhando para servidor service1_2:5001: 1;20;2025-05-31T18:15:55.935445;;2025-05-31T18:15:55.935740;0.295000;2025-05-31T18:15:55.935779
[2025-05-31 18:15:59,916] [INFO] [LB-1] Encaminhando para servidor service1_3:5002: 1;21;2025-05-31T18:15:59.916514;;2025-05-31T18:15:59.916870;0.356000;2025-05-31T18:15:59.916902
[2025-05-31 18:16:03,904] [INFO] [LB-1] Encaminhando para servidor service1_4:5003: 1;22;2025-05-31T18:16:03.903661;;2025-05-31T18:16:03.903957;0.296000;2025-05-31T18:16:03.903988
[2025-05-31 18:16:07,898] [INFO] [LB-1] Encaminhando para servidor service1_5:5004: 1;23;2025-05-31T18:16:07.897734;;2025-05-31T18:16:07.898002;0.268000;2025-05-31T18:16:07.898049
[2025-05-31 18:16:11,885] [INFO] [LB-1] Encaminhando para servidor service1_6:5005: 1;24;2025-05-31T18:16:11.885126;;2025-05-31T18:16:11.885401;0.275000;2025-05-31T18:16:11.885432
[2025-05-31 18:16:15,838] [INFO] [LB-1] Encaminhando para servidor service1_1:5000: 1;25;2025-05-31T18:16:15.837727;;2025-05-31T18:16:15.837994;0.267000;2025-05-31T18:16:15.838027
[2025-05-31 18:17:36,908] [INFO] [LB-1] Aguardando cliente em 0.0.0.0:4000...
[2025-05-31 18:17:52,319] [INFO] [LB-1] Conectado com ('172.19.0.18', 54674)
[2025-05-31 18:17:52,320] [INFO] [LB-1] Encaminhando para servidor service1_1:5000: 1;1;2025-05-31T18:17:52.320072;;2025-05-31T18:17:52.320631;0.559000;2025-05-31T18:17:52.320657
[2025-05-31 18:17:58,586] [INFO] [LB-1] Encaminhando para servidor service1_2:5001: 1;2;2025-05-31T18:17:58.585577;;2025-05-31T18:17:58.585908;0.331000;2025-05-31T18:17:58.585943
[2025-05-31 18:18:04,896] [INFO] [LB-1] Encaminhando para servidor service1_3:5002: 1;3;2025-05-31T18:18:04.895756;;2025-05-31T18:18:04.895984;0.228000;2025-05-31T18:18:04.896010
[2025-05-31 18:18:11,118] [INFO] [LB-1] Encaminhando para servidor service1_4:5003: 1;4;2025-05-31T18:18:11.118509;;2025-05-31T18:18:11.118752;0.243000;2025-05-31T18:18:11.118789
[2025-05-31 18:18:17,409] [INFO] [LB-1] Encaminhando para servidor service1_5:5004: 1;5;2025-05-31T18:18:17.409214;;2025-05-31T18:18:17.409384;0.170000;2025-05-31T18:18:17.409411
[2025-05-31 18:18:23,849] [INFO] [LB-1] Encaminhando para servidor service1_6:5005: 1;6;2025-05-31T18:18:23.849487;;2025-05-31T18:18:23.849793;0.306000;2025-05-31T18:18:23.849835
[2025-05-31 18:18:30,077] [INFO] [LB-1] Encaminhando para servidor  service1_7:5006: 1;7;2025-05-31T18:18:30.076928;;2025-05-31T18:18:30.077197;0.269000;2025-05-31T18:18:30.077227
[2025-05-31 18:19:31,733] [INFO] [LB-1] Aguardando cliente em 0.0.0.0:4000...
[2025-05-31 18:19:47,533] [INFO] [LB-1] Conectado com ('172.19.0.18', 35446)
[2025-05-31 18:19:47,533] [INFO] [LB-1] Encaminhando para servidor service1_1:5000: 1;1;2025-05-31T18:19:47.533146;;2025-05-31T18:19:47.533801;0.655000;2025-05-31T18:19:47.533850
[2025-05-31 18:19:53,605] [INFO] [LB-1] Encaminhando para servidor service1_2:5001: 1;2;2025-05-31T18:19:53.605076;;2025-05-31T18:19:53.605346;0.270000;2025-05-31T18:19:53.605380
[2025-05-31 18:19:59,691] [INFO] [LB-1] Encaminhando para servidor service1_3:5002: 1;3;2025-05-31T18:19:59.690963;;2025-05-31T18:19:59.691229;0.266000;2025-05-31T18:19:59.691260
[2025-05-31 18:20:05,781] [INFO] [LB-1] Encaminhando para servidor service1_4:5003: 1;4;2025-05-31T18:20:05.781298;;2025-05-31T18:20:05.781514;0.216000;2025-05-31T18:20:05.781540
[2025-05-31 18:20:12,093] [INFO] [LB-1] Encaminhando para servidor service1_5:5004: 1;5;2025-05-31T18:20:12.092722;;2025-05-31T18:20:12.093069;0.347000;2025-05-31T18:20:12.093101
[2025-05-31 18:20:18,330] [INFO] [LB-1] Encaminhando para servidor service1_6:5005: 1;6;2025-05-31T18:20:18.329792;;2025-05-31T18:20:18.330047;0.255000;2025-05-31T18:20:18.330081
[2025-05-31 18:20:24,629] [INFO] [LB-1] Encaminhando para servidor service1_7:5006: 1;7;2025-05-31T18:20:24.629198;;2025-05-31T18:20:24.629503;0.305000;2025-05-31T18:20:24.629536
[2025-05-31 18:20:30,830] [INFO] [LB-1] Encaminhando para servidor service1_1:5000: 1;8;2025-05-31T18:20:30.829753;;2025-05-31T18:20:30.829977;0.224000;2025-05-31T18:20:30.830007
[2025-05-31 18:20:34,874] [INFO] [LB-1] Encaminhando para servidor service1_2:5001: 1;9;2025-05-31T18:20:34.873895;;2025-05-31T18:20:34.874306;0.411000;2025-05-31T18:20:34.874327
[2025-05-31 18:20:38,879] [INFO] [LB-1] Encaminhando para servidor service1_3:5002: 1;10;2025-05-31T18:20:38.878641;;2025-05-31T18:20:38.878934;0.293000;2025-05-31T18:20:38.878967
[2025-05-31 18:20:42,808] [INFO] [LB-1] Encaminhando para servidor service1_4:5003: 1;11;2025-05-31T18:20:42.807746;;2025-05-31T18:20:42.807990;0.244000;2025-05-31T18:20:42.808015
[2025-05-31 18:20:46,935] [INFO] [LB-1] Encaminhando para servidor service1_5:5004: 1;12;2025-05-31T18:20:46.934712;;2025-05-31T18:20:46.935017;0.305000;2025-05-31T18:20:46.935044
[2025-05-31 18:20:50,891] [INFO] [LB-1] Encaminhando para servidor service1_6:5005: 1;13;2025-05-31T18:20:50.890848;;2025-05-31T18:20:50.891107;0.259000;2025-05-31T18:20:50.891138
[2025-05-31 18:20:54,892] [INFO] [LB-1] Encaminhando para servidor service1_7:5006: 1;14;2025-05-31T18:20:54.892213;;2025-05-31T18:20:54.892461;0.248000;2025-05-31T18:20:54.892495
[2025-05-31 18:20:58,802] [INFO] [LB-1] Encaminhando para servidor service1_1:5000: 1;15;2025-05-31T18:20:58.802211;;2025-05-31T18:20:58.802474;0.263000;2025-05-31T18:20:58.802508
[2025-05-31 18:21:34,145] [INFO] [LB-1] Aguardando cliente em 0.0.0.0:4000...
[2025-05-31 18:21:50,287] [INFO] [LB-1] Conectado com ('172.19.0.18', 50930)
[2025-05-31 18:21:50,288] [INFO] [LB-1] Encaminhando para servidor service1_1:5000: 1;1;2025-05-31T18:21:50.288479;;2025-05-31T18:21:50.288723;0.244000;2025-05-31T18:21:50.288768
[2025-05-31 18:21:57,171] [INFO] [LB-1] Encaminhando para servidor service1_2:5001: 1;2;2025-05-31T18:21:57.170855;;2025-05-31T18:21:57.171032;0.177000;2025-05-31T18:21:57.171056
[2025-05-31 18:22:02,627] [INFO] [LB-1] Encaminhando para servidor service1_3:5002: 1;3;2025-05-31T18:22:02.627403;;2025-05-31T18:22:02.627564;0.161000;2025-05-31T18:22:02.627590
[2025-05-31 18:22:08,986] [INFO] [LB-1] Encaminhando para servidor service1_4:5003: 1;4;2025-05-31T18:22:08.985924;;2025-05-31T18:22:08.986112;0.188000;2025-05-31T18:22:08.986138
[2025-05-31 18:22:15,477] [INFO] [LB-1] Encaminhando para servidor service1_5:5004: 1;5;2025-05-31T18:22:15.477515;;2025-05-31T18:22:15.477755;0.240000;2025-05-31T18:22:15.477787
[2025-05-31 18:22:22,046] [INFO] [LB-1] Encaminhando para servidor service1_6:5005: 1;6;2025-05-31T18:22:22.045659;;2025-05-31T18:22:22.046015;0.356000;2025-05-31T18:22:22.046047
[2025-05-31 18:22:28,441] [INFO] [LB-1] Encaminhando para servidor service1_7:5006: 1;7;2025-05-31T18:22:28.441376;;2025-05-31T18:22:28.441641;0.265000;2025-05-31T18:22:28.441691
[2025-05-31 18:22:34,565] [INFO] [LB-1] Encaminhando para servidor service1_1:5000: 1;8;2025-05-31T18:22:34.564656;;2025-05-31T18:22:34.564954;0.298000;2025-05-31T18:22:34.564979
[2025-05-31 18:22:38,531] [INFO] [LB-1] Encaminhando para servidor service1_2:5001: 1;9;2025-05-31T18:22:38.531512;;2025-05-31T18:22:38.531776;0.264000;2025-05-31T18:22:38.531814
[2025-05-31 18:22:42,488] [INFO] [LB-1] Encaminhando para servidor service1_3:5002: 1;10;2025-05-31T18:22:42.487993;;2025-05-31T18:22:42.488264;0.271000;2025-05-31T18:22:42.488296
[2025-05-31 18:22:46,451] [INFO] [LB-1] Encaminhando para servidor service1_4:5003: 1;11;2025-05-31T18:22:46.451370;;2025-05-31T18:22:46.451637;0.267000;2025-05-31T18:22:46.451705
[2025-05-31 18:22:50,423] [INFO] [LB-1] Encaminhando para servidor service1_5:5004: 1;12;2025-05-31T18:22:50.422646;;2025-05-31T18:22:50.422975;0.329000;2025-05-31T18:22:50.423007
[2025-05-31 18:22:54,371] [INFO] [LB-1] Encaminhando para servidor service1_6:5005: 1;13;2025-05-31T18:22:54.371477;;2025-05-31T18:22:54.371742;0.265000;2025-05-31T18:22:54.371776
[2025-05-31 18:22:58,343] [INFO] [LB-1] Encaminhando para servidor service1_7:5006: 1;14;2025-05-31T18:22:58.343505;;2025-05-31T18:22:58.343766;0.261000;2025-05-31T18:22:58.343797
[2025-05-31 18:23:02,311] [INFO] [LB-1] Encaminhando para servidor service1_1:5000: 1;15;2025-05-31T18:23:02.311295;;2025-05-31T18:23:02.311545;0.250000;2025-05-31T18:23:02.311576
[2025-05-31 18:23:06,302] [INFO] [LB-1] Encaminhando para servidor service1_2:5001: 1;16;2025-05-31T18:23:06.302206;;2025-05-31T18:23:06.302469;0.263000;2025-05-31T18:23:06.302500
[2025-05-31 18:23:10,288] [INFO] [LB-1] Encaminhando para servidor service1_3:5002: 1;17;2025-05-31T18:23:10.288275;;2025-05-31T18:23:10.288542;0.267000;2025-05-31T18:23:10.288573
[2025-05-31 18:23:14,390] [INFO] [LB-1] Encaminhando para servidor service1_4:5003: 1;18;2025-05-31T18:23:14.390165;;2025-05-31T18:23:14.390404;0.239000;2025-05-31T18:23:14.390434
[2025-05-31 18:23:18,465] [INFO] [LB-1] Encaminhando para servidor service1_5:5004: 1;19;2025-05-31T18:23:18.465196;;2025-05-31T18:23:18.465460;0.264000;2025-05-31T18:23:18.465490
[2025-05-31 18:23:22,896] [INFO] [LB-1] Encaminhando para servidor service1_6:5005: 1;20;2025-05-31T18:23:22.896206;;2025-05-31T18:23:22.896739;0.533000;2025-05-31T18:23:22.896805
[2025-05-31 18:24:09,229] [INFO] [LB-1] Aguardando cliente em 0.0.0.0:4000...
[2025-05-31 18:24:25,377] [INFO] [LB-1] Conectado com ('172.19.0.18', 58844)
[2025-05-31 18:24:25,377] [INFO] [LB-1] Encaminhando para servidor service1_1:5000: 1;1;2025-05-31T18:24:25.377066;;2025-05-31T18:24:25.377706;0.640000;2025-05-31T18:24:25.377736
[2025-05-31 18:24:31,430] [INFO] [LB-1] Encaminhando para servidor service1_2:5001: 1;2;2025-05-31T18:24:31.430197;;2025-05-31T18:24:31.430474;0.277000;2025-05-31T18:24:31.430514
[2025-05-31 18:24:37,511] [INFO] [LB-1] Encaminhando para servidor service1_3:5002: 1;3;2025-05-31T18:24:37.511257;;2025-05-31T18:24:37.511516;0.259000;2025-05-31T18:24:37.511547
[2025-05-31 18:24:43,599] [INFO] [LB-1] Encaminhando para servidor service1_4:5003: 1;4;2025-05-31T18:24:43.599522;;2025-05-31T18:24:43.599805;0.283000;2025-05-31T18:24:43.599837
[2025-05-31 18:24:49,689] [INFO] [LB-1] Encaminhando para servidor service1_5:5004: 1;5;2025-05-31T18:24:49.689242;;2025-05-31T18:24:49.689503;0.261000;2025-05-31T18:24:49.689536
[2025-05-31 18:24:55,800] [INFO] [LB-1] Encaminhando para servidor service1_6:5005: 1;6;2025-05-31T18:24:55.799895;;2025-05-31T18:24:55.800157;0.262000;2025-05-31T18:24:55.800190
[2025-05-31 18:25:01,920] [INFO] [LB-1] Encaminhando para servidor service1_7:5006: 1;7;2025-05-31T18:25:01.920497;;2025-05-31T18:25:01.920814;0.317000;2025-05-31T18:25:01.920865
[2025-05-31 18:25:08,001] [INFO] [LB-1] Encaminhando para servidor service1_1:5000: 1;8;2025-05-31T18:25:08.001350;;2025-05-31T18:25:08.001620;0.270000;2025-05-31T18:25:08.001652
[2025-05-31 18:25:11,950] [INFO] [LB-1] Encaminhando para servidor service1_2:5001: 1;9;2025-05-31T18:25:11.950432;;2025-05-31T18:25:11.950739;0.307000;2025-05-31T18:25:11.950771
[2025-05-31 18:25:15,915] [INFO] [LB-1] Encaminhando para servidor service1_3:5002: 1;10;2025-05-31T18:25:15.914599;;2025-05-31T18:25:15.914902;0.303000;2025-05-31T18:25:15.914934
[2025-05-31 18:25:19,889] [INFO] [LB-1] Encaminhando para servidor service1_4:5003: 1;11;2025-05-31T18:25:19.889345;;2025-05-31T18:25:19.889607;0.262000;2025-05-31T18:25:19.889638
[2025-05-31 18:25:23,832] [INFO] [LB-1] Encaminhando para servidor service1_5:5004: 1;12;2025-05-31T18:25:23.831937;;2025-05-31T18:25:23.832111;0.174000;2025-05-31T18:25:23.832137
[2025-05-31 18:25:27,796] [INFO] [LB-1] Encaminhando para servidor service1_6:5005: 1;13;2025-05-31T18:25:27.796143;;2025-05-31T18:25:27.796393;0.250000;2025-05-31T18:25:27.796425
[2025-05-31 18:25:31,768] [INFO] [LB-1] Encaminhando para servidor service1_7:5006: 1;14;2025-05-31T18:25:31.767787;;2025-05-31T18:25:31.768047;0.260000;2025-05-31T18:25:31.768078
[2025-05-31 18:25:35,746] [INFO] [LB-1] Encaminhando para servidor service1_1:5000: 1;15;2025-05-31T18:25:35.745729;;2025-05-31T18:25:35.746054;0.325000;2025-05-31T18:25:35.746111
[2025-05-31 18:25:39,734] [INFO] [LB-1] Encaminhando para servidor service1_2:5001: 1;16;2025-05-31T18:25:39.734113;;2025-05-31T18:25:39.734401;0.288000;2025-05-31T18:25:39.734437
[2025-05-31 18:25:43,692] [INFO] [LB-1] Encaminhando para servidor service1_3:5002: 1;17;2025-05-31T18:25:43.692551;;2025-05-31T18:25:43.692796;0.245000;2025-05-31T18:25:43.692828
[2025-05-31 18:25:47,656] [INFO] [LB-1] Encaminhando para servidor service1_4:5003: 1;18;2025-05-31T18:25:47.656182;;2025-05-31T18:25:47.656394;0.212000;2025-05-31T18:25:47.656420
[2025-05-31 18:25:51,610] [INFO] [LB-1] Encaminhando para servidor service1_5:5004: 1;19;2025-05-31T18:25:51.609933;;2025-05-31T18:25:51.610199;0.266000;2025-05-31T18:25:51.610240
[2025-05-31 18:25:55,606] [INFO] [LB-1] Encaminhando para servidor service1_6:5005: 1;20;2025-05-31T18:25:55.606515;;2025-05-31T18:25:55.606785;0.270000;2025-05-31T18:25:55.606820
[2025-05-31 18:25:59,579] [INFO] [LB-1] Encaminhando para servidor service1_7:5006: 1;21;2025-05-31T18:25:59.578717;;2025-05-31T18:25:59.578975;0.258000;2025-05-31T18:25:59.579007
[2025-05-31 18:26:03,555] [INFO] [LB-1] Encaminhando para servidor service1_1:5000: 1;22;2025-05-31T18:26:03.555537;;2025-05-31T18:26:03.555827;0.290000;2025-05-31T18:26:03.555859
[2025-05-31 18:26:07,523] [INFO] [LB-1] Encaminhando para servidor service1_2:5001: 1;23;2025-05-31T18:26:07.522653;;2025-05-31T18:26:07.522931;0.278000;2025-05-31T18:26:07.522964
[2025-05-31 18:26:11,456] [INFO] [LB-1] Encaminhando para servidor service1_3:5002: 1;24;2025-05-31T18:26:11.456504;;2025-05-31T18:26:11.456766;0.262000;2025-05-31T18:26:11.456798
[2025-05-31 18:26:15,410] [INFO] [LB-1] Encaminhando para servidor service1_4:5003: 1;25;2025-05-31T18:26:15.409890;;2025-05-31T18:26:15.410152;0.262000;2025-05-31T18:26:15.410184
[2025-05-31 18:29:13,098] [INFO] [LB-1] Aguardando cliente em 0.0.0.0:4000...
[2025-05-31 18:29:28,349] [INFO] [LB-1] Conectado com ('172.19.0.14', 33008)
[2025-05-31 18:29:28,350] [INFO] [LB-1] Encaminhando para servidor service1_1:5000: 1;1;2025-05-31T18:29:28.349379;;2025-05-31T18:29:28.349966;0.587000;2025-05-31T18:29:28.349995
[2025-05-31 18:29:34,524] [INFO] [LB-1] Encaminhando para servidor service1_2:5001: 1;2;2025-05-31T18:29:34.524017;;2025-05-31T18:29:34.524333;0.316000;2025-05-31T18:29:34.524390
[2025-05-31 18:29:40,592] [INFO] [LB-1] Encaminhando para servidor service1_3:5002: 1;3;2025-05-31T18:29:40.591743;;2025-05-31T18:29:40.592099;0.356000;2025-05-31T18:29:40.592131
[2025-05-31 18:29:46,688] [INFO] [LB-1] Encaminhando para servidor service1_4:5003: 1;4;2025-05-31T18:29:46.687900;;2025-05-31T18:29:46.688175;0.275000;2025-05-31T18:29:46.688208
[2025-05-31 18:29:52,766] [INFO] [LB-1] Encaminhando para servidor service1_5:5004: 1;5;2025-05-31T18:29:52.766264;;2025-05-31T18:29:52.766497;0.233000;2025-05-31T18:29:52.766538
[2025-05-31 18:29:58,805] [INFO] [LB-1] Encaminhando para servidor service1_1:5000: 1;6;2025-05-31T18:29:58.805404;;2025-05-31T18:29:58.805713;0.309000;2025-05-31T18:29:58.805746
[2025-05-31 18:30:02,749] [INFO] [LB-1] Encaminhando para servidor service1_2:5001: 1;7;2025-05-31T18:30:02.748578;;2025-05-31T18:30:02.748909;0.331000;2025-05-31T18:30:02.748962
[2025-05-31 18:30:06,720] [INFO] [LB-1] Encaminhando para servidor service1_3:5002: 1;8;2025-05-31T18:30:06.720042;;2025-05-31T18:30:06.720298;0.256000;2025-05-31T18:30:06.720329
[2025-05-31 18:30:10,660] [INFO] [LB-1] Encaminhando para servidor service1_4:5003: 1;9;2025-05-31T18:30:10.659716;;2025-05-31T18:30:10.659925;0.209000;2025-05-31T18:30:10.659952
[2025-05-31 18:30:14,602] [INFO] [LB-1] Encaminhando para servidor service1_5:5004: 1;10;2025-05-31T18:30:14.602265;;2025-05-31T18:30:14.602525;0.260000;2025-05-31T18:30:14.602555
[2025-05-31 18:30:18,547] [INFO] [LB-1] Encaminhando para servidor service1_1:5000: 1;11;2025-05-31T18:30:18.546744;;2025-05-31T18:30:18.546991;0.247000;2025-05-31T18:30:18.547022
[2025-05-31 18:30:22,467] [INFO] [LB-1] Encaminhando para servidor service1_2:5001: 1;12;2025-05-31T18:30:22.466863;;2025-05-31T18:30:22.467124;0.261000;2025-05-31T18:30:22.467157
[2025-05-31 18:30:26,435] [INFO] [LB-1] Encaminhando para servidor service1_3:5002: 1;13;2025-05-31T18:30:26.435136;;2025-05-31T18:30:26.435398;0.262000;2025-05-31T18:30:26.435430
[2025-05-31 18:30:30,562] [INFO] [LB-1] Encaminhando para servidor service1_4:5003: 1;14;2025-05-31T18:30:30.562416;;2025-05-31T18:30:30.562651;0.235000;2025-05-31T18:30:30.562696
[2025-05-31 18:30:34,762] [INFO] [LB-1] Encaminhando para servidor service1_5:5004: 1;15;2025-05-31T18:30:34.761949;;2025-05-31T18:30:34.762101;0.152000;2025-05-31T18:30:34.762124
[2025-05-31 18:30:38,531] [INFO] [LB-1] Encaminhando para servidor service1_1:5000: 1;16;2025-05-31T18:30:38.531191;;2025-05-31T18:30:38.531328;0.137000;2025-05-31T18:30:38.531343
[2025-05-31 18:30:41,712] [INFO] [LB-1] Encaminhando para servidor service1_2:5001: 1;17;2025-05-31T18:30:41.712205;;2025-05-31T18:30:41.712407;0.202000;2025-05-31T18:30:41.712432
[2025-05-31 18:30:45,529] [INFO] [LB-1] Encaminhando para servidor service1_3:5002: 1;18;2025-05-31T18:30:45.529094;;2025-05-31T18:30:45.529340;0.246000;2025-05-31T18:30:45.529372
[2025-05-31 18:30:49,525] [INFO] [LB-1] Encaminhando para servidor service1_4:5003: 1;19;2025-05-31T18:30:49.525052;;2025-05-31T18:30:49.525304;0.252000;2025-05-31T18:30:49.525375
[2025-05-31 18:30:53,616] [INFO] [LB-1] Encaminhando para servidor service1_5:5004: 1;20;2025-05-31T18:30:53.616114;;2025-05-31T18:30:53.616377;0.263000;2025-05-31T18:30:53.616408
[2025-05-31 18:30:57,767] [INFO] [LB-1] Encaminhando para servidor service1_1:5000: 1;21;2025-05-31T18:30:57.766890;;2025-05-31T18:30:57.767133;0.243000;2025-05-31T18:30:57.767165
[2025-05-31 18:31:01,866] [INFO] [LB-1] Encaminhando para servidor service1_2:5001: 1;22;2025-05-31T18:31:01.866243;;2025-05-31T18:31:01.866466;0.223000;2025-05-31T18:31:01.866497
[2025-05-31 18:31:05,968] [INFO] [LB-1] Encaminhando para servidor service1_3:5002: 1;23;2025-05-31T18:31:05.967999;;2025-05-31T18:31:05.968268;0.269000;2025-05-31T18:31:05.968300
[2025-05-31 18:31:09,990] [INFO] [LB-1] Encaminhando para servidor service1_4:5003: 1;24;2025-05-31T18:31:09.990267;;2025-05-31T18:31:09.990564;0.297000;2025-05-31T18:31:09.990595
[2025-05-31 18:31:14,005] [INFO] [LB-1] Encaminhando para servidor service1_5:5004: 1;25;2025-05-31T18:31:14.005543;;2025-05-31T18:31:14.005733;0.190000;2025-05-31T18:31:14.005758
